#
# A fatal error has been detected by the Java Runtime Environment:
#
#  EXCEPTION_ACCESS_VIOLATION (0xc0000005) at pc=0x77ba8dc9, pid=4048, tid=1600
#
# JRE version: 7.0_04-b20
# Java VM: Java HotSpot(TM) Client VM (23.0-b21 mixed mode, sharing windows-x86 )
# Problematic frame:
# C  [ntdll.dll+0x38dc9]  RtlIntegerToUnicodeString+0x2fc
#
# Failed to write core dump. Minidumps are not enabled by default on client versions of Windows
#
# If you would like to submit a bug report, please visit:
#   http://bugreport.sun.com/bugreport/crash.jsp
# The crash happened outside the Java Virtual Machine in native code.
# See problematic frame for where to report the bug.
#

---------------  T H R E A D  ---------------

Current thread (0x04c3a800):  JavaThread "AWT-EventQueue-0" [_thread_in_native, id=1600, stack(0x05060000,0x050b0000)]

siginfo: ExceptionCode=0xc0000005, writing address 0x00000014

Registers:
EAX=0x00000000, EBX=0xfffffffc, ECX=0x00000000, EDX=0x00000004
ESP=0x050ad144, EBP=0x050ad194, ESI=0x0c26b688, EDI=0x0c26b68c
EIP=0x77ba8dc9, EFLAGS=0x00010213

Top of Stack: (sp=0x050ad144)
0x050ad144:   0c26b688 0c26b68c 0c26b688 04c3a800
0x050ad154:   04c350f0 02022458 02022498 0202284c
0x050ad164:   050adde8 050ad208 d78d1541 050ad18c
0x050ad174:   66af0a26 020224b0 00000022 00000000
0x050ad184:   00000000 00000000 7ef91000 00000a0c
0x050ad194:   050ad1bc 77ba8cd8 00000000 00000000
0x050ad1a4:   0c26b688 050ad2d0 0c26b5e8 00000004
0x050ad1b4:   00000000 00000001 050ad208 6b418c2f 

Instructions: (pc=0x77ba8dc9)
0x77ba8da9:   c2 8b d8 8b c1 f0 0f b1 1f 3b c1 0f 85 58 fe ff
0x77ba8db9:   ff 33 c0 89 45 0c 89 45 08 8b 06 83 f8 ff 74 03
0x77ba8dc9:   ff 40 14 8b 5d f4 8b 7d f0 80 3d 82 03 fe 7f 00
0x77ba8dd9:   0f 85 da 99 04 00 8b 45 fc 57 6a 00 83 f8 ff 0f 


Register to memory mapping:

EAX=0x00000000 is an unknown value
EBX=0xfffffffc is an unknown value
ECX=0x00000000 is an unknown value
EDX=0x00000004 is an unknown value
ESP=0x050ad144 is pointing into the stack for thread: 0x04c3a800
EBP=0x050ad194 is pointing into the stack for thread: 0x04c3a800
ESI=0x0c26b688 is an unknown value
EDI=0x0c26b68c is an unknown value


Stack: [0x05060000,0x050b0000],  sp=0x050ad144,  free space=308k
Native frames: (J=compiled Java code, j=interpreted, Vv=VM code, C=native code)
C  [ntdll.dll+0x38dc9]  RtlIntegerToUnicodeString+0x2fc
C  [ntdll.dll+0x38cd8]  RtlIntegerToUnicodeString+0x20b
C  [libvlccore.dll+0x98c2f]  vlc_mutex_lock+0x7f
C  [jna2342536714792883344.dll+0xce92]  Java_com_sun_jna_Native_initialize_1ffi_1type+0x3542
C  [jna2342536714792883344.dll+0x2dde]
C  [jna2342536714792883344.dll+0x51be]  Java_com_sun_jna_Native_invokePointer+0x2e
j  com.sun.jna.Native.invokePointer(JI[Ljava/lang/Object;)J+0
j  com.sun.jna.Function.invokePointer(I[Ljava/lang/Object;)Lcom/sun/jna/Pointer;+6
j  com.sun.jna.Function.invoke([Ljava/lang/Object;Ljava/lang/Class;Z)Ljava/lang/Object;+642
J  com.sun.jna.Function.invoke(Ljava/lang/Class;[Ljava/lang/Object;Ljava/util/Map;)Ljava/lang/Object;
j  $Proxy0.libvlc_media_get_mrl(Luk/co/caprica/vlcj/binding/internal/libvlc_media_t;)Lcom/sun/jna/Pointer;+16
j  uk.co.caprica.vlcj.player.DefaultMediaPlayer.mrl(Luk/co/caprica/vlcj/binding/internal/libvlc_media_t;)Ljava/lang/String;+23
j  uk.co.caprica.vlcj.player.events.MediaPlayerEventFactory.createEvent(Luk/co/caprica/vlcj/binding/internal/libvlc_event_t;I)Luk/co/caprica/vlcj/player/events/MediaPlayerEvent;+176
j  uk.co.caprica.vlcj.player.DefaultMediaPlayer$VlcVideoPlayerCallback.callback(Luk/co/caprica/vlcj/binding/internal/libvlc_event_t;Lcom/sun/jna/Pointer;)V+51
j  sun.reflect.GeneratedMethodAccessor11.invoke(Ljava/lang/Object;[Ljava/lang/Object;)Ljava/lang/Object;+48
J  sun.reflect.DelegatingMethodAccessorImpl.invoke(Ljava/lang/Object;[Ljava/lang/Object;)Ljava/lang/Object;
v  ~StubRoutines::call_stub
V  [jvm.dll+0x1296da]
V  [jvm.dll+0x1d837e]
V  [jvm.dll+0x12975d]
V  [jvm.dll+0xae4aa]
V  [jvm.dll+0xb00df]
C  [jna2342536714792883344.dll+0xa3b2]  Java_com_sun_jna_Native_initialize_1ffi_1type+0xa62
C  [jna2342536714792883344.dll+0xaa9b]  Java_com_sun_jna_Native_initialize_1ffi_1type+0x114b
C  [jna2342536714792883344.dll+0xcf44]  Java_com_sun_jna_Native_initialize_1ffi_1type+0x35f4
C  [jna2342536714792883344.dll+0xd35e]  Java_com_sun_jna_Native_initialize_1ffi_1type+0x3a0e

Java frames: (J=compiled Java code, j=interpreted, Vv=VM code)
j  com.sun.jna.Native.invokePointer(JI[Ljava/lang/Object;)J+0
j  com.sun.jna.Function.invokePointer(I[Ljava/lang/Object;)Lcom/sun/jna/Pointer;+6
j  com.sun.jna.Function.invoke([Ljava/lang/Object;Ljava/lang/Class;Z)Ljava/lang/Object;+642
J  com.sun.jna.Function.invoke(Ljava/lang/Class;[Ljava/lang/Object;Ljava/util/Map;)Ljava/lang/Object;
j  com.sun.jna.Library$Handler.invoke(Ljava/lang/Object;Ljava/lang/reflect/Method;[Ljava/lang/Object;)Ljava/lang/Object;+341
j  $Proxy0.libvlc_media_get_mrl(Luk/co/caprica/vlcj/binding/internal/libvlc_media_t;)Lcom/sun/jna/Pointer;+16
j  uk.co.caprica.vlcj.player.DefaultMediaPlayer.mrl(Luk/co/caprica/vlcj/binding/internal/libvlc_media_t;)Ljava/lang/String;+23
j  uk.co.caprica.vlcj.player.events.MediaPlayerEventFactory.createEvent(Luk/co/caprica/vlcj/binding/internal/libvlc_event_t;I)Luk/co/caprica/vlcj/player/events/MediaPlayerEvent;+176
j  uk.co.caprica.vlcj.player.DefaultMediaPlayer$VlcVideoPlayerCallback.callback(Luk/co/caprica/vlcj/binding/internal/libvlc_event_t;Lcom/sun/jna/Pointer;)V+51
j  sun.reflect.GeneratedMethodAccessor11.invoke(Ljava/lang/Object;[Ljava/lang/Object;)Ljava/lang/Object;+48
J  sun.reflect.DelegatingMethodAccessorImpl.invoke(Ljava/lang/Object;[Ljava/lang/Object;)Ljava/lang/Object;
J  java.lang.reflect.Method.invoke(Ljava/lang/Object;[Ljava/lang/Object;)Ljava/lang/Object;
J  com.sun.jna.CallbackReference$DefaultCallbackProxy.invokeCallback([Ljava/lang/Object;)Ljava/lang/Object;
j  com.sun.jna.CallbackReference$DefaultCallbackProxy.callback([Ljava/lang/Object;)Ljava/lang/Object;+2
v  ~StubRoutines::call_stub
j  com.sun.jna.Native.invokeVoid(JI[Ljava/lang/Object;)V+0
j  com.sun.jna.Function.invoke([Ljava/lang/Object;Ljava/lang/Class;Z)Ljava/lang/Object;+48
J  com.sun.jna.Function.invoke(Ljava/lang/Class;[Ljava/lang/Object;Ljava/util/Map;)Ljava/lang/Object;
j  com.sun.jna.Library$Handler.invoke(Ljava/lang/Object;Ljava/lang/reflect/Method;[Ljava/lang/Object;)Ljava/lang/Object;+341
j  $Proxy0.libvlc_media_player_set_media(Luk/co/caprica/vlcj/binding/internal/libvlc_media_player_t;Luk/co/caprica/vlcj/binding/internal/libvlc_media_t;)V+20
j  uk.co.caprica.vlcj.player.DefaultMediaPlayer.setMedia(Ljava/lang/String;[Ljava/lang/String;)Z+242
j  uk.co.caprica.vlcj.player.DefaultMediaPlayer.prepareMedia(Ljava/lang/String;[Ljava/lang/String;)Z+23
j  reproductor.PlayerReproductor.getCancion(Ljava/lang/String;)Lmodelos/Cancion;+19
j  modelos.ListasCancionesManager.addCanciones(I)V+173
j  elementosInterfaz.FramePrincipal.anadirCanciones()V+96
j  elementosInterfaz.FramePrincipal$2.actionPerformed(Ljava/awt/event/ActionEvent;)V+4
j  javax.swing.AbstractButton.fireActionPerformed(Ljava/awt/event/ActionEvent;)V+84
j  javax.swing.AbstractButton$Handler.actionPerformed(Ljava/awt/event/ActionEvent;)V+5
j  javax.swing.DefaultButtonModel.fireActionPerformed(Ljava/awt/event/ActionEvent;)V+35
j  javax.swing.DefaultButtonModel.setPressed(Z)V+117
j  javax.swing.plaf.basic.BasicButtonListener.mouseReleased(Ljava/awt/event/MouseEvent;)V+35
j  com.jtattoo.plaf.BaseButtonListener.mouseReleased(Ljava/awt/event/MouseEvent;)V+2
j  java.awt.AWTEventMulticaster.mouseReleased(Ljava/awt/event/MouseEvent;)V+21
j  java.awt.Component.processMouseEvent(Ljava/awt/event/MouseEvent;)V+64
j  javax.swing.JComponent.processMouseEvent(Ljava/awt/event/MouseEvent;)V+23
j  java.awt.Component.processEvent(Ljava/awt/AWTEvent;)V+81
j  java.awt.Container.processEvent(Ljava/awt/AWTEvent;)V+18
j  java.awt.Component.dispatchEventImpl(Ljava/awt/AWTEvent;)V+581
j  java.awt.Container.dispatchEventImpl(Ljava/awt/AWTEvent;)V+42
j  java.awt.Component.dispatchEvent(Ljava/awt/AWTEvent;)V+2
j  java.awt.LightweightDispatcher.retargetMouseEvent(Ljava/awt/Component;ILjava/awt/event/MouseEvent;)V+327
j  java.awt.LightweightDispatcher.processMouseEvent(Ljava/awt/event/MouseEvent;)Z+139
j  java.awt.LightweightDispatcher.dispatchEvent(Ljava/awt/AWTEvent;)Z+50
j  java.awt.Container.dispatchEventImpl(Ljava/awt/AWTEvent;)V+12
j  java.awt.Window.dispatchEventImpl(Ljava/awt/AWTEvent;)V+19
J  java.awt.EventQueue.dispatchEventImpl(Ljava/awt/AWTEvent;Ljava/lang/Object;)V
J  java.awt.EventQueue$3.run()Ljava/lang/Object;
v  ~StubRoutines::call_stub
J  java.security.AccessController.doPrivileged(Ljava/security/PrivilegedAction;Ljava/security/AccessControlContext;)Ljava/lang/Object;
J  java.security.ProtectionDomain$1.doIntersectionPrivilege(Ljava/security/PrivilegedAction;Ljava/security/AccessControlContext;Ljava/security/AccessControlContext;)Ljava/lang/Object;
j  java.security.ProtectionDomain$1.doIntersectionPrivilege(Ljava/security/PrivilegedAction;Ljava/security/AccessControlContext;)Ljava/lang/Object;+6
j  java.awt.EventQueue$4.run()Ljava/lang/Void;+11
j  java.awt.EventQueue$4.run()Ljava/lang/Object;+1
v  ~StubRoutines::call_stub
J  java.security.AccessController.doPrivileged(Ljava/security/PrivilegedAction;Ljava/security/AccessControlContext;)Ljava/lang/Object;
J  java.awt.EventQueue.dispatchEvent(Ljava/awt/AWTEvent;)V
J  java.awt.EventDispatchThread.pumpOneEventForFilters(I)V
j  java.awt.EventDispatchThread.pumpEventsForFilter(ILjava/awt/Conditional;Ljava/awt/EventFilter;)V+48
j  java.awt.EventDispatchThread.pumpEventsForHierarchy(ILjava/awt/Conditional;Ljava/awt/Component;)V+11
j  java.awt.EventDispatchThread.pumpEvents(ILjava/awt/Conditional;)V+4
j  java.awt.EventDispatchThread.pumpEvents(Ljava/awt/Conditional;)V+3
j  java.awt.EventDispatchThread.run()V+9
v  ~StubRoutines::call_stub

---------------  P R O C E S S  ---------------

Java Threads: ( => current thread )
  0x04d15400 JavaThread "Thread-275" [_thread_in_native, id=7024, stack(0x0b110000,0x0b160000)]
  0x04d17800 JavaThread "Thread-261" [_thread_blocked, id=5604, stack(0x0cc70000,0x0ccc0000)]
  0x04d16000 JavaThread "Thread-242" [_thread_blocked, id=4468, stack(0x0c400000,0x0c450000)]
  0x04d18400 JavaThread "Thread-204" [_thread_blocked, id=6148, stack(0x0c460000,0x0c4b0000)]
  0x04d14000 JavaThread "Thread-185" [_thread_blocked, id=1804, stack(0x0e990000,0x0e9e0000)]
  0x04d17400 JavaThread "Thread-166" [_thread_blocked, id=4980, stack(0x0b170000,0x0b1c0000)]
  0x04d18000 JavaThread "Thread-146" [_thread_blocked, id=548, stack(0x0c9d0000,0x0ca20000)]
  0x04d16c00 JavaThread "Thread-123" [_thread_blocked, id=5208, stack(0x0b090000,0x0b0e0000)]
  0x04d16400 JavaThread "Thread-100" [_thread_in_native, id=2600, stack(0x0c970000,0x0c9c0000)]
  0x04d14800 JavaThread "pool-2-thread-1" [_thread_blocked, id=7740, stack(0x0b040000,0x0b090000)]
  0x04cfe800 JavaThread "Swing-Shell" daemon [_thread_blocked, id=392, stack(0x0ad90000,0x0ade0000)]
  0x04cfe000 JavaThread "Image Fetcher 0" daemon [_thread_blocked, id=6936, stack(0x0ac90000,0x0ace0000)]
  0x08dce000 JavaThread "Thread-4" [_thread_in_native, id=7804, stack(0x08960000,0x089b0000)]
  0x08def800 JavaThread "Thread-3" [_thread_in_native, id=688, stack(0x08a80000,0x08ad0000)]
  0x04d7a800 JavaThread "D3D Screen Updater" daemon [_thread_blocked, id=4732, stack(0x08110000,0x08160000)]
  0x04cadc00 JavaThread "TimerQueue" daemon [_thread_blocked, id=7888, stack(0x068d0000,0x06920000)]
  0x0257ac00 JavaThread "DestroyJavaVM" [_thread_blocked, id=3348, stack(0x006b0000,0x00700000)]
=>0x04c3a800 JavaThread "AWT-EventQueue-0" [_thread_in_native, id=1600, stack(0x05060000,0x050b0000)]
  0x04c39800 JavaThread "AWT-Windows" daemon [_thread_in_native, id=5780, stack(0x04fe0000,0x05030000)]
  0x04c38c00 JavaThread "AWT-Shutdown" [_thread_blocked, id=5480, stack(0x04e30000,0x04e80000)]
  0x04c38000 JavaThread "Java2D Disposer" daemon [_thread_blocked, id=1884, stack(0x04a70000,0x04ac0000)]
  0x0201e800 JavaThread "Service Thread" daemon [_thread_blocked, id=2924, stack(0x04a00000,0x04a50000)]
  0x02019c00 JavaThread "C1 CompilerThread0" daemon [_thread_blocked, id=7216, stack(0x007c0000,0x00810000)]
  0x02018400 JavaThread "Attach Listener" daemon [_thread_blocked, id=1856, stack(0x04760000,0x047b0000)]
  0x02017000 JavaThread "Signal Dispatcher" daemon [_thread_blocked, id=1100, stack(0x024c0000,0x02510000)]
  0x02001800 JavaThread "Finalizer" daemon [_thread_blocked, id=6200, stack(0x046c0000,0x04710000)]
  0x02000000 JavaThread "Reference Handler" daemon [_thread_blocked, id=4928, stack(0x00700000,0x00750000)]

Other Threads:
  0x01ffd800 VMThread [stack: 0x04640000,0x04690000] [id=8160]
  0x0203a000 WatcherThread [stack: 0x04b60000,0x04bb0000] [id=5204]

VM state:not at safepoint (normal execution)

VM Mutex/Monitor currently owned by a thread: None

Heap
 def new generation   total 8704K, used 7731K [0x246d0000, 0x25040000, 0x29c20000)
  eden space 7744K,  87% used [0x246d0000, 0x24d6cdb8, 0x24e60000)
  from space 960K, 100% used [0x24e60000, 0x24f50000, 0x24f50000)
  to   space 960K,   0% used [0x24f50000, 0x24f50000, 0x25040000)
 tenured generation   total 19228K, used 13322K [0x29c20000, 0x2aee7000, 0x346d0000)
   the space 19228K,  69% used [0x29c20000, 0x2a922af0, 0x2a922c00, 0x2aee7000)
 compacting perm gen  total 12288K, used 3731K [0x346d0000, 0x352d0000, 0x386d0000)
   the space 12288K,  30% used [0x346d0000, 0x34a74c08, 0x34a74e00, 0x352d0000)
    ro space 10240K,  45% used [0x386d0000, 0x38b53958, 0x38b53a00, 0x390d0000)
    rw space 12288K,  54% used [0x390d0000, 0x39757498, 0x39757600, 0x39cd0000)

Code Cache  [0x02580000, 0x02778000, 0x04580000)
 total_blobs=1186 nmethods=922 adapters=198 free_code_cache=30767Kb largest_free_block=31505920

Compilation events (10 events):
Event: 11.445 Thread 0x02019c00  918   !         com.sun.jna.Structure::useMemory (70 bytes)
Event: 11.445 Thread 0x02019c00 nmethod 918 0x02772048 code [0x02772180, 0x02772380]
Event: 11.445 Thread 0x02019c00  919             com.sun.jna.Pointer::share (7 bytes)
Event: 11.445 Thread 0x02019c00 nmethod 919 0x027724c8 code [0x027725d0, 0x0277267c]
Event: 11.445 Thread 0x02019c00  920             java.lang.Integer::hashCode (5 bytes)
Event: 11.445 Thread 0x02019c00 nmethod 920 0x02772708 code [0x02772800, 0x02772880]
Event: 11.446 Thread 0x02019c00  922             com.sun.jna.Union::getTypedValue (103 bytes)
Event: 11.446 Thread 0x02019c00 nmethod 922 0x027728c8 code [0x02772ae0, 0x0277371c]
Event: 11.458 Thread 0x02019c00  923             java.awt.Component::isPreferredSizeSet (5 bytes)
Event: 11.458 Thread 0x02019c00 nmethod 923 0x02774048 code [0x02774140, 0x027741c0]

GC Heap History (10 events):
Event: 0.497 GC heap before
{Heap before GC invocations=3 (full 0):
 def new generation   total 4928K, used 4432K [0x246d0000, 0x24c20000, 0x29c20000)
  eden space 4416K,  99% used [0x246d0000, 0x24b1fd00, 0x24b20000)
  from space 512K,   3% used [0x24ba0000, 0x24ba4650, 0x24c20000)
  to   space 512K,   0% used [0x24b20000, 0x24b20000, 0x24ba0000)
 tenured generation   total 10944K, used 4962K [0x29c20000, 0x2a6d0000, 0x346d0000)
   the space 10944K,  45% used [0x29c20000, 0x2a0f8b80, 0x2a0f8c00, 0x2a6d0000)
 compacting perm gen  total 12288K, used 1931K [0x346d0000, 0x352d0000, 0x386d0000)
   the space 12288K,  15% used [0x346d0000, 0x348b2fc0, 0x348b3000, 0x352d0000)
    ro space 10240K,  45% used [0x386d0000, 0x38b53958, 0x38b53a00, 0x390d0000)
    rw space 12288K,  54% used [0x390d0000, 0x39757498, 0x39757600, 0x39cd0000)
Event: 0.500 GC heap after
Heap after GC invocations=4 (full 0):
 def new generation   total 4928K, used 17K [0x246d0000, 0x24c20000, 0x29c20000)
  eden space 4416K,   0% used [0x246d0000, 0x246d0000, 0x24b20000)
  from space 512K,   3% used [0x24b20000, 0x24b24780, 0x24ba0000)
  to   space 512K,   0% used [0x24ba0000, 0x24ba0000, 0x24c20000)
 tenured generation   total 10944K, used 8034K [0x29c20000, 0x2a6d0000, 0x346d0000)
   the space 10944K,  73% used [0x29c20000, 0x2a3f8b90, 0x2a3f8c00, 0x2a6d0000)
 compacting perm gen  total 12288K, used 1931K [0x346d0000, 0x352d0000, 0x386d0000)
   the space 12288K,  15% used [0x346d0000, 0x348b2fc0, 0x348b3000, 0x352d0000)
    ro space 10240K,  45% used [0x386d0000, 0x38b53958, 0x38b53a00, 0x390d0000)
    rw space 12288K,  54% used [0x390d0000, 0x39757498, 0x39757600, 0x39cd0000)
}
Event: 0.538 GC heap before
{Heap before GC invocations=4 (full 0):
 def new generation   total 4928K, used 2542K [0x246d0000, 0x24c20000, 0x29c20000)
  eden space 4416K,  57% used [0x246d0000, 0x249473d8, 0x24b20000)
  from space 512K,   3% used [0x24b20000, 0x24b24780, 0x24ba0000)
  to   space 512K,   0% used [0x24ba0000, 0x24ba0000, 0x24c20000)
 tenured generation   total 10944K, used 8034K [0x29c20000, 0x2a6d0000, 0x346d0000)
   the space 10944K,  73% used [0x29c20000, 0x2a3f8b90, 0x2a3f8c00, 0x2a6d0000)
 compacting perm gen  total 12288K, used 1939K [0x346d0000, 0x352d0000, 0x386d0000)
   the space 12288K,  15% used [0x346d0000, 0x348b4ff8, 0x348b5000, 0x352d0000)
    ro space 10240K,  45% used [0x386d0000, 0x38b53958, 0x38b53a00, 0x390d0000)
    rw space 12288K,  54% used [0x390d0000, 0x39757498, 0x39757600, 0x39cd0000)
Event: 0.539 GC heap after
Heap after GC invocations=5 (full 0):
 def new generation   total 4928K, used 163K [0x246d0000, 0x24c20000, 0x29c20000)
  eden space 4416K,   0% used [0x246d0000, 0x246d0000, 0x24b20000)
  from space 512K,  31% used [0x24ba0000, 0x24bc8c20, 0x24c20000)
  to   space 512K,   0% used [0x24b20000, 0x24b20000, 0x24ba0000)
 tenured generation   total 10944K, used 8034K [0x29c20000, 0x2a6d0000, 0x346d0000)
   the space 10944K,  73% used [0x29c20000, 0x2a3f8b90, 0x2a3f8c00, 0x2a6d0000)
 compacting perm gen  total 12288K, used 1939K [0x346d0000, 0x352d0000, 0x386d0000)
   the space 12288K,  15% used [0x346d0000, 0x348b4ff8, 0x348b5000, 0x352d0000)
    ro space 10240K,  45% used [0x386d0000, 0x38b53958, 0x38b53a00, 0x390d0000)
    rw space 12288K,  54% used [0x390d0000, 0x39757498, 0x39757600, 0x39cd0000)
}
Event: 0.651 GC heap before
{Heap before GC invocations=5 (full 0):
 def new generation   total 4928K, used 4579K [0x246d0000, 0x24c20000, 0x29c20000)
  eden space 4416K, 100% used [0x246d0000, 0x24b20000, 0x24b20000)
  from space 512K,  31% used [0x24ba0000, 0x24bc8c20, 0x24c20000)
  to   space 512K,   0% used [0x24b20000, 0x24b20000, 0x24ba0000)
 tenured generation   total 10944K, used 8034K [0x29c20000, 0x2a6d0000, 0x346d0000)
   the space 10944K,  73% used [0x29c20000, 0x2a3f8b90, 0x2a3f8c00, 0x2a6d0000)
 compacting perm gen  total 12288K, used 2211K [0x346d0000, 0x352d0000, 0x386d0000)
   the space 12288K,  17% used [0x346d0000, 0x348f8cd8, 0x348f8e00, 0x352d0000)
    ro space 10240K,  45% used [0x386d0000, 0x38b53958, 0x38b53a00, 0x390d0000)
    rw space 12288K,  54% used [0x390d0000, 0x39757498, 0x39757600, 0x39cd0000)
Event: 0.676 GC heap after
Heap after GC invocations=6 (full 1):
 def new generation   total 8704K, used 0K [0x246d0000, 0x25040000, 0x29c20000)
  eden space 7744K,   0% used [0x246d0000, 0x246d0000, 0x24e60000)
  from space 960K,   0% used [0x24e60000, 0x24e60000, 0x24f50000)
  to   space 960K,   0% used [0x24f50000, 0x24f50000, 0x25040000)
 tenured generation   total 19228K, used 11534K [0x29c20000, 0x2aee7000, 0x346d0000)
   the space 19228K,  59% used [0x29c20000, 0x2a763b70, 0x2a763c00, 0x2aee7000)
 compacting perm gen  total 12288K, used 2211K [0x346d0000, 0x352d0000, 0x386d0000)
   the space 12288K,  17% used [0x346d0000, 0x348f8cd8, 0x348f8e00, 0x352d0000)
    ro space 10240K,  45% used [0x386d0000, 0x38b53958, 0x38b53a00, 0x390d0000)
    rw space 12288K,  54% used [0x390d0000, 0x39757498, 0x39757600, 0x39cd0000)
}
Event: 0.963 GC heap before
{Heap before GC invocations=6 (full 1):
 def new generation   total 8704K, used 7744K [0x246d0000, 0x25040000, 0x29c20000)
  eden space 7744K, 100% used [0x246d0000, 0x24e60000, 0x24e60000)
  from space 960K,   0% used [0x24e60000, 0x24e60000, 0x24f50000)
  to   space 960K,   0% used [0x24f50000, 0x24f50000, 0x25040000)
 tenured generation   total 19228K, used 11534K [0x29c20000, 0x2aee7000, 0x346d0000)
   the space 19228K,  59% used [0x29c20000, 0x2a763b70, 0x2a763c00, 0x2aee7000)
 compacting perm gen  total 12288K, used 2909K [0x346d0000, 0x352d0000, 0x386d0000)
   the space 12288K,  23% used [0x346d0000, 0x349a76d8, 0x349a7800, 0x352d0000)
    ro space 10240K,  45% used [0x386d0000, 0x38b53958, 0x38b53a00, 0x390d0000)
    rw space 12288K,  54% used [0x390d0000, 0x39757498, 0x39757600, 0x39cd0000)
Event: 0.970 GC heap after
Heap after GC invocations=7 (full 1):
 def new generation   total 8704K, used 960K [0x246d0000, 0x25040000, 0x29c20000)
  eden space 7744K,   0% used [0x246d0000, 0x246d0000, 0x24e60000)
  from space 960K, 100% used [0x24f50000, 0x25040000, 0x25040000)
  to   space 960K,   0% used [0x24e60000, 0x24e60000, 0x24f50000)
 tenured generation   total 19228K, used 12119K [0x29c20000, 0x2aee7000, 0x346d0000)
   the space 19228K,  63% used [0x29c20000, 0x2a7f5d50, 0x2a7f5e00, 0x2aee7000)
 compacting perm gen  total 12288K, used 2909K [0x346d0000, 0x352d0000, 0x386d0000)
   the space 12288K,  23% used [0x346d0000, 0x349a76d8, 0x349a7800, 0x352d0000)
    ro space 10240K,  45% used [0x386d0000, 0x38b53958, 0x38b53a00, 0x390d0000)
    rw space 12288K,  54% used [0x390d0000, 0x39757498, 0x39757600, 0x39cd0000)
}
Event: 11.164 GC heap before
{Heap before GC invocations=7 (full 1):
 def new generation   total 8704K, used 8704K [0x246d0000, 0x25040000, 0x29c20000)
  eden space 7744K, 100% used [0x246d0000, 0x24e60000, 0x24e60000)
  from space 960K, 100% used [0x24f50000, 0x25040000, 0x25040000)
  to   space 960K,   0% used [0x24e60000, 0x24e60000, 0x24f50000)
 tenured generation   total 19228K, used 12119K [0x29c20000, 0x2aee7000, 0x346d0000)
   the space 19228K,  63% used [0x29c20000, 0x2a7f5d50, 0x2a7f5e00, 0x2aee7000)
 compacting perm gen  total 12288K, used 3721K [0x346d0000, 0x352d0000, 0x386d0000)
   the space 12288K,  30% used [0x346d0000, 0x34a72500, 0x34a72600, 0x352d0000)
    ro space 10240K,  45% used [0x386d0000, 0x38b53958, 0x38b53a00, 0x390d0000)
    rw space 12288K,  54% used [0x390d0000, 0x39757498, 0x39757600, 0x39cd0000)
Event: 11.173 GC heap after
Heap after GC invocations=8 (full 1):
 def new generation   total 8704K, used 960K [0x246d0000, 0x25040000, 0x29c20000)
  eden space 7744K,   0% used [0x246d0000, 0x246d0000, 0x24e60000)
  from space 960K, 100% used [0x24e60000, 0x24f50000, 0x24f50000)
  to   space 960K,   0% used [0x24f50000, 0x24f50000, 0x25040000)
 tenured generation   total 19228K, used 13322K [0x29c20000, 0x2aee7000, 0x346d0000)
   the space 19228K,  69% used [0x29c20000, 0x2a922af0, 0x2a922c00, 0x2aee7000)
 compacting perm gen  total 12288K, used 3721K [0x346d0000, 0x352d0000, 0x386d0000)
   the space 12288K,  30% used [0x346d0000, 0x34a72500, 0x34a72600, 0x352d0000)
    ro space 10240K,  45% used [0x386d0000, 0x38b53958, 0x38b53a00, 0x390d0000)
    rw space 12288K,  54% used [0x390d0000, 0x39757498, 0x39757600, 0x39cd0000)
}

Deoptimization events (0 events):
No events

Internal exceptions (10 events):
Event: 11.150 Thread 0x04c3a800 Threw 0x24de2b58 at C:\jdk7u2_32P\jdk7u4\hotspot\src\share\vm\prims\jvm.cpp:1166
Event: 11.154 Thread 0x04c3a800 Threw 0x24df8db0 at C:\jdk7u2_32P\jdk7u4\hotspot\src\share\vm\prims\jvm.cpp:1166
Event: 11.160 Thread 0x04d15400 Threw 0x24e25d68 at C:\jdk7u2_32P\jdk7u4\hotspot\src\share\vm\prims\jvm.cpp:1166
Event: 11.161 Thread 0x04d15400 Threw 0x24e39a88 at C:\jdk7u2_32P\jdk7u4\hotspot\src\share\vm\prims\jvm.cpp:1166
Event: 11.164 Thread 0x04d15800 Threw 0x24e5a880 at C:\jdk7u2_32P\jdk7u4\hotspot\src\share\vm\prims\jvm.cpp:1166
Event: 11.176 Thread 0x04d15800 Threw 0x246fe8d8 at C:\jdk7u2_32P\jdk7u4\hotspot\src\share\vm\prims\jvm.cpp:1166
Event: 11.193 Thread 0x04d15800 Threw 0x2475ef50 at C:\jdk7u2_32P\jdk7u4\hotspot\src\share\vm\prims\jvm.cpp:1166
Event: 11.214 Thread 0x04d15800 Threw 0x247e8f58 at C:\jdk7u2_32P\jdk7u4\hotspot\src\share\vm\prims\jvm.cpp:1166
Event: 11.255 Thread 0x04d15800 Threw 0x2487a088 at C:\jdk7u2_32P\jdk7u4\hotspot\src\share\vm\prims\jvm.cpp:1166
Event: 11.363 Thread 0x04d14000 Threw 0x24a85e08 at C:\jdk7u2_32P\jdk7u4\hotspot\src\share\vm\prims\jvm.cpp:1166

Events (10 events):
Event: 11.449 Thread 0x04d15400 Thread added: 0x04d15400
Event: 11.450 Thread 0x04d15400 Thread exited: 0x04d15400
Event: 11.458 Thread 0x04d15400 Thread added: 0x04d15400
Event: 11.458 Thread 0x04d18c00 Thread added: 0x04d18c00
Event: 11.458 Executing VM operation: RevokeBias
Event: 11.458 Executing VM operation: RevokeBias done
Event: 11.458 Thread 0x04d18c00 Thread exited: 0x04d18c00
Event: 11.458 Thread 0x04d18c00 Thread added: 0x04d18c00
Event: 11.458 Thread 0x04d18c00 Thread exited: 0x04d18c00
Event: 11.462 Thread 0x04d15800 Thread exited: 0x04d15800


Dynamic libraries:
0x00160000 - 0x0018f000 	C:\Program Files (x86)\Java\jdk1.7.0_04\jre\bin\java.exe
0x77b70000 - 0x77cf0000 	C:\Windows\SysWOW64\ntdll.dll
0x75a00000 - 0x75b10000 	C:\Windows\syswow64\kernel32.dll
0x758e0000 - 0x75926000 	C:\Windows\syswow64\KERNELBASE.dll
0x75c00000 - 0x75ca0000 	C:\Windows\syswow64\ADVAPI32.dll
0x76ec0000 - 0x76f6c000 	C:\Windows\syswow64\msvcrt.dll
0x77140000 - 0x77159000 	C:\Windows\SysWOW64\sechost.dll
0x75b10000 - 0x75c00000 	C:\Windows\syswow64\RPCRT4.dll
0x756d0000 - 0x75730000 	C:\Windows\syswow64\SspiCli.dll
0x756c0000 - 0x756cc000 	C:\Windows\syswow64\CRYPTBASE.dll
0x76020000 - 0x76120000 	C:\Windows\syswow64\USER32.dll
0x77580000 - 0x77610000 	C:\Windows\syswow64\GDI32.dll
0x75730000 - 0x7573a000 	C:\Windows\syswow64\LPK.dll
0x76f70000 - 0x7700d000 	C:\Windows\syswow64\USP10.dll
0x72e60000 - 0x72ffe000 	C:\Windows\WinSxS\x86_microsoft.windows.common-controls_6595b64144ccf1df_6.0.7601.17514_none_41e6975e2bd6f2b2\COMCTL32.dll
0x76210000 - 0x76267000 	C:\Windows\syswow64\SHLWAPI.dll
0x75d40000 - 0x75da0000 	C:\Windows\system32\IMM32.DLL
0x75930000 - 0x759fc000 	C:\Windows\syswow64\MSCTF.dll
0x6bc90000 - 0x6bd4e000 	C:\Program Files (x86)\Java\jdk1.7.0_04\jre\bin\msvcr100.dll
0x66aa0000 - 0x66dea000 	C:\Program Files (x86)\Java\jdk1.7.0_04\jre\bin\client\jvm.dll
0x72d40000 - 0x72d47000 	C:\Windows\system32\WSOCK32.dll
0x758a0000 - 0x758d5000 	C:\Windows\syswow64\WS2_32.dll
0x75860000 - 0x75866000 	C:\Windows\syswow64\NSI.dll
0x72cf0000 - 0x72d22000 	C:\Windows\system32\WINMM.dll
0x77b40000 - 0x77b45000 	C:\Windows\syswow64\PSAPI.DLL
0x74380000 - 0x7438c000 	C:\Program Files (x86)\Java\jdk1.7.0_04\jre\bin\verify.dll
0x6e270000 - 0x6e290000 	C:\Program Files (x86)\Java\jdk1.7.0_04\jre\bin\java.dll
0x728b0000 - 0x728c3000 	C:\Program Files (x86)\Java\jdk1.7.0_04\jre\bin\zip.dll
0x6bb40000 - 0x6bc82000 	C:\Program Files (x86)\Java\jdk1.7.0_04\jre\bin\awt.dll
0x75f60000 - 0x75fef000 	C:\Windows\syswow64\OLEAUT32.dll
0x77610000 - 0x7776c000 	C:\Windows\syswow64\ole32.dll
0x6e2c0000 - 0x6e340000 	C:\Windows\system32\uxtheme.dll
0x10000000 - 0x10037000 	C:\Program Files (x86)\ATI Technologies\HydraVision\HydraDMH.dll
0x6e2a0000 - 0x6e2b3000 	C:\Windows\system32\dwmapi.dll
0x6cc70000 - 0x6ce33000 	C:\Windows\system32\d3d9.dll
0x73140000 - 0x73149000 	C:\Windows\system32\VERSION.dll
0x753e0000 - 0x753e6000 	C:\Windows\system32\d3d8thk.dll
0x6c7f0000 - 0x6c8df000 	C:\Windows\system32\aticfx32.dll
0x74360000 - 0x74379000 	C:\Windows\system32\atiu9pag.dll
0x6b5c0000 - 0x6bb37000 	C:\Windows\system32\atiumdag.dll
0x6c3e0000 - 0x6c7e6000 	C:\Windows\system32\atiumdva.dll
0x76270000 - 0x76eba000 	C:\Windows\syswow64\SHELL32.dll
0x6e250000 - 0x6e264000 	C:\Program Files (x86)\Java\jdk1.7.0_04\jre\bin\net.dll
0x72990000 - 0x729cc000 	C:\Windows\system32\mswsock.dll
0x75550000 - 0x75556000 	C:\Windows\System32\wship6.dll
0x74390000 - 0x7439f000 	C:\Program Files (x86)\Java\jdk1.7.0_04\jre\bin\nio.dll
0x6cbc0000 - 0x6cbea000 	C:\Program Files (x86)\Java\jdk1.7.0_04\jre\bin\fontmanager.dll
0x76120000 - 0x761a3000 	C:\Windows\syswow64\CLBCatQ.DLL
0x72df0000 - 0x72e06000 	C:\Windows\system32\CRYPTSP.dll
0x72d50000 - 0x72d8b000 	C:\Windows\system32\rsaenh.dll
0x72e10000 - 0x72e27000 	C:\Windows\system32\USERENV.dll
0x73040000 - 0x7304b000 	C:\Windows\system32\profapi.dll
0x72350000 - 0x72360000 	C:\Windows\system32\NLAapi.dll
0x72340000 - 0x72350000 	C:\Windows\system32\napinsp.dll
0x72320000 - 0x72332000 	C:\Windows\system32\pnrpnsp.dll
0x72d90000 - 0x72dd4000 	C:\Windows\system32\DNSAPI.dll
0x72310000 - 0x72318000 	C:\Windows\System32\winrnr.dll
0x72980000 - 0x72985000 	C:\Windows\System32\wshtcpip.dll
0x73cb0000 - 0x73ccc000 	C:\Windows\system32\IPHLPAPI.DLL
0x73d20000 - 0x73d27000 	C:\Windows\system32\WINNSI.DLL
0x72d30000 - 0x72d36000 	C:\Windows\system32\rasadhlp.dll
0x75360000 - 0x75398000 	C:\Windows\System32\fwpuclnt.dll
0x08780000 - 0x087f2000 	C:\Users\Juan\AppData\Local\Temp\jna\jna2342536714792883344.dll
0x72910000 - 0x72932000 	C:\Users\Juan\Documents\GitHub\socialDj\InterfazServidor\VLC\libvlc.dll
0x6b380000 - 0x6b5b6000 	C:\Users\Juan\Documents\GitHub\socialDj\InterfazServidor\VLC\libvlccore.dll
0x6e1d0000 - 0x6e20b000 	C:\Users\Juan\Documents\GitHub\socialDj\InterfazServidor\VLC\plugins\access\libdshow_plugin.dll
0x728d0000 - 0x728e3000 	C:\Users\Juan\Documents\GitHub\socialDj\InterfazServidor\VLC\plugins\audio_output\libaout_directx_plugin.dll
0x6cec0000 - 0x6ced2000 	C:\Users\Juan\Documents\GitHub\socialDj\InterfazServidor\VLC\plugins\audio_output\libwaveout_plugin.dll
0x6c360000 - 0x6c3d2000 	C:\Windows\system32\dsound.dll
0x6ce90000 - 0x6ceb5000 	C:\Windows\system32\POWRPROF.dll
0x77170000 - 0x7730d000 	C:\Windows\syswow64\SETUPAPI.dll
0x75870000 - 0x75897000 	C:\Windows\syswow64\CFGMGR32.dll
0x77560000 - 0x77572000 	C:\Windows\syswow64\DEVOBJ.dll
0x6b240000 - 0x6b374000 	C:\Users\Juan\Documents\GitHub\socialDj\InterfazServidor\VLC\plugins\misc\libxml_plugin.dll
0x72970000 - 0x72980000 	C:\Users\Juan\Documents\GitHub\socialDj\InterfazServidor\VLC\plugins\mmx\libmemcpymmx_plugin.dll
0x6ce70000 - 0x6ce82000 	C:\Users\Juan\Documents\GitHub\socialDj\InterfazServidor\VLC\plugins\control\libhotkeys_plugin.dll
0x6cb90000 - 0x6cbb5000 	C:\Program Files (x86)\Java\jdk1.7.0_04\jre\bin\jpeg.dll
0x6e380000 - 0x6e38d000 	C:\Windows\system32\dhcpcsvc6.DLL
0x6e340000 - 0x6e352000 	C:\Windows\system32\dhcpcsvc.DLL
0x6c2c0000 - 0x6c2f1000 	C:\Program Files (x86)\Java\jdk1.7.0_04\jre\bin\t2k.dll
0x6cc20000 - 0x6cc44000 	C:\Program Files (x86)\Java\jdk1.7.0_04\jre\bin\dcpr.dll
0x75420000 - 0x7551b000 	C:\Windows\system32\WindowsCodecs.dll
0x72290000 - 0x722dc000 	C:\Windows\system32\apphelp.dll
0x070c0000 - 0x070e2000 	C:\Users\Juan\AppData\Roaming\Dropbox\bin\DropboxExt.17.dll
0x6e0d0000 - 0x6e1bb000 	C:\Windows\system32\dbghelp.dll
0x6cee0000 - 0x6cf6e000 	C:\Windows\WinSxS\x86_microsoft.vc90.crt_1fc8b3b9a1e18e3b_9.0.30729.6161_none_50934f2ebcb7eb57\MSVCP90.dll
0x741e0000 - 0x74283000 	C:\Windows\WinSxS\x86_microsoft.vc90.crt_1fc8b3b9a1e18e3b_9.0.30729.6161_none_50934f2ebcb7eb57\MSVCR90.dll
0x753a0000 - 0x753d1000 	C:\Windows\system32\EhStorShell.dll
0x75570000 - 0x75665000 	C:\Windows\system32\PROPSYS.dll
0x752c0000 - 0x75330000 	C:\Windows\system32\ntshrui.dll
0x726d0000 - 0x726e9000 	C:\Windows\system32\srvcli.dll
0x6e1c0000 - 0x6e1cb000 	C:\Windows\system32\cscapi.dll
0x75410000 - 0x7541a000 	C:\Windows\system32\slc.dll
0x730b0000 - 0x73134000 	C:\Windows\WinSxS\x86_microsoft.windows.common-controls_6595b64144ccf1df_5.82.7601.17514_none_ec83dffa859149af\comctl32.dll
0x72e30000 - 0x72e51000 	C:\Windows\system32\ntmarta.dll
0x77510000 - 0x77555000 	C:\Windows\syswow64\WLDAP32.dll
0x6af00000 - 0x6b098000 	C:\Windows\system32\NetworkExplorer.dll
0x6cb30000 - 0x6cb5e000 	C:\Windows\System32\shdocvw.dll
0x73be0000 - 0x73bf2000 	C:\Windows\system32\MPR.dll
0x74340000 - 0x74348000 	C:\Windows\System32\drprov.dll
0x722e0000 - 0x72309000 	C:\Windows\System32\WINSTA.dll
0x728f0000 - 0x72904000 	C:\Windows\System32\ntlanman.dll
0x6cc50000 - 0x6cc67000 	C:\Windows\System32\davclnt.dll
0x72360000 - 0x72368000 	C:\Windows\System32\DAVHLPR.dll
0x726c0000 - 0x726cf000 	C:\Windows\system32\wkscli.dll
0x726f0000 - 0x726f9000 	C:\Windows\system32\netutils.dll
0x6a0b0000 - 0x6a2e8000 	C:\Windows\system32\wpdshext.dll
0x74a00000 - 0x74b90000 	C:\Windows\WinSxS\x86_microsoft.windows.gdiplus_6595b64144ccf1df_1.1.7601.17825_none_72d273598668a06b\gdiplus.dll
0x6bdb0000 - 0x6be39000 	C:\Windows\system32\PortableDeviceApi.dll
0x75ff0000 - 0x7601d000 	C:\Windows\syswow64\WINTRUST.dll
0x75740000 - 0x7585e000 	C:\Windows\syswow64\CRYPT32.dll
0x75d30000 - 0x75d3c000 	C:\Windows\syswow64\MSASN1.dll
0x6c9f0000 - 0x6ca2f000 	C:\Windows\system32\audiodev.dll
0x69e40000 - 0x6a0a7000 	C:\Windows\system32\WMVCore.DLL
0x6caf0000 - 0x6cb2d000 	C:\Windows\system32\WMASF.DLL
0x6cb60000 - 0x6cb82000 	C:\Windows\system32\EhStorAPI.dll
0x6ce60000 - 0x6ce69000 	C:\Windows\system32\LINKINFO.dll
0x6cc10000 - 0x6cc1f000 	C:\Users\Juan\Documents\GitHub\socialDj\InterfazServidor\VLC\plugins\meta_engine\libfolder_plugin.dll
0x6c9d0000 - 0x6c9e2000 	C:\Users\Juan\Documents\GitHub\socialDj\InterfazServidor\VLC\plugins\access\libaccess_vdr_plugin.dll
0x6c980000 - 0x6c991000 	C:\Users\Juan\Documents\GitHub\socialDj\InterfazServidor\VLC\plugins\access\libfilesystem_plugin.dll
0x6c970000 - 0x6c980000 	C:\Users\Juan\Documents\GitHub\socialDj\InterfazServidor\VLC\plugins\access\libstream_filter_rar_plugin.dll
0x6c950000 - 0x6c96b000 	C:\Users\Juan\Documents\GitHub\socialDj\InterfazServidor\VLC\plugins\access\libzip_plugin.dll
0x6c340000 - 0x6c351000 	C:\Users\Juan\Documents\GitHub\socialDj\InterfazServidor\VLC\plugins\demux\libes_plugin.dll
0x6b1d0000 - 0x6b235000 	C:\Users\Juan\Documents\GitHub\socialDj\InterfazServidor\VLC\plugins\codec\libtheora_plugin.dll
0x6c940000 - 0x6c950000 	C:\Users\Juan\Documents\GitHub\socialDj\InterfazServidor\VLC\plugins\codec\librawvideo_plugin.dll
0x6c310000 - 0x6c33c000 	C:\Users\Juan\Documents\GitHub\socialDj\InterfazServidor\VLC\plugins\codec\libspeex_plugin.dll
0x6a380000 - 0x6a52a000 	C:\Users\Juan\Documents\GitHub\socialDj\InterfazServidor\VLC\plugins\codec\libvorbis_plugin.dll
0x6c300000 - 0x6c310000 	C:\Users\Juan\Documents\GitHub\socialDj\InterfazServidor\VLC\plugins\codec\libaes3_plugin.dll

VM Arguments:
jvm_args: -Dfile.encoding=UTF-8 
java_command: main.Main
Launcher Type: SUN_STANDARD

Environment Variables:
PATH=C:\Program Files (x86)\NVIDIA Corporation\PhysX\Common;C:\Program Files (x86)\AMD APP\bin\x86_64;C:\Program Files (x86)\AMD APP\bin\x86;C:\Windows\system32;C:\Windows;C:\Windows\System32\Wbem;C:\Windows\System32\WindowsPowerShell\v1.0\;C:\Program Files (x86)\ATI Technologies\ATI.ACE\Core-Static
USERNAME=Juan
OS=Windows_NT
PROCESSOR_IDENTIFIER=AMD64 Family 16 Model 10 Stepping 0, AuthenticAMD



---------------  S Y S T E M  ---------------

OS: Windows 7 , 64 bit Build 7601 Service Pack 1

CPU:total 6 (6 cores per cpu, 1 threads per core) family 16 model 10 stepping 0, cmov, cx8, fxsr, mmx, sse, sse2, sse3, popcnt, mmxext, 3dnowpref, lzcnt, sse4a, tsc, tscinvbit, tscinv

Memory: 4k page, physical 8387556k(6412536k free), swap 16773260k(14050548k free)

vm_info: Java HotSpot(TM) Client VM (23.0-b21) for windows-x86 JRE (1.7.0_04-b20), built on Apr 12 2012 03:26:46 by "java_re" with unknown MS VC++:1600

time: Sun Apr 28 19:44:47 2013
elapsed time: 11 seconds

