#
# A fatal error has been detected by the Java Runtime Environment:
#
#  EXCEPTION_ACCESS_VIOLATION (0xc0000005) at pc=0x77ba8dc9, pid=3300, tid=1052
#
# JRE version: 7.0_04-b20
# Java VM: Java HotSpot(TM) Client VM (23.0-b21 mixed mode, sharing windows-x86 )
# Problematic frame:
# C  [ntdll.dll+0x38dc9]  RtlIntegerToUnicodeString+0x2fc
#
# Failed to write core dump. Minidumps are not enabled by default on client versions of Windows
#
# If you would like to submit a bug report, please visit:
#   http://bugreport.sun.com/bugreport/crash.jsp
# The crash happened outside the Java Virtual Machine in native code.
# See problematic frame for where to report the bug.
#

---------------  T H R E A D  ---------------

Current thread (0x08a7ec00):  JavaThread "Thread-892" [_thread_in_native, id=1052, stack(0x0ad30000,0x0ad80000)]

siginfo: ExceptionCode=0xc0000005, writing address 0x00000014

Registers:
EAX=0x00000000, EBX=0xfffffffc, ECX=0x00000000, EDX=0x00000004
ESP=0x0ad7dea4, EBP=0x0ad7def4, ESI=0x0d884810, EDI=0x0d884814
EIP=0x77ba8dc9, EFLAGS=0x00010213

Top of Stack: (sp=0x0ad7dea4)
0x0ad7dea4:   0d884810 0d884814 0d884810 66ad6694
0x0ad7deb4:   08a7ec00 04c0aee8 027bedc2 00000001
0x0ad7dec4:   29d29990 025e03d7 0ad7dee0 66ad6694
0x0ad7ded4:   66add948 0ad7df4c 0278df00 00000000
0x0ad7dee4:   00000000 00000000 7ef70000 00000b64
0x0ad7def4:   0ad7df1c 77ba8cd8 00000000 00000000
0x0ad7df04:   0d884810 0ad7e030 0d884770 00000004
0x0ad7df14:   00000000 00000001 0ad7df68 6a618c2f 

Instructions: (pc=0x77ba8dc9)
0x77ba8da9:   c2 8b d8 8b c1 f0 0f b1 1f 3b c1 0f 85 58 fe ff
0x77ba8db9:   ff 33 c0 89 45 0c 89 45 08 8b 06 83 f8 ff 74 03
0x77ba8dc9:   ff 40 14 8b 5d f4 8b 7d f0 80 3d 82 03 fe 7f 00
0x77ba8dd9:   0f 85 da 99 04 00 8b 45 fc 57 6a 00 83 f8 ff 0f 


Register to memory mapping:

EAX=0x00000000 is an unknown value
EBX=0xfffffffc is an unknown value
ECX=0x00000000 is an unknown value
EDX=0x00000004 is an unknown value
ESP=0x0ad7dea4 is pointing into the stack for thread: 0x08a7ec00
EBP=0x0ad7def4 is pointing into the stack for thread: 0x08a7ec00
ESI=0x0d884810 is an unknown value
EDI=0x0d884814 is an unknown value


Stack: [0x0ad30000,0x0ad80000],  sp=0x0ad7dea4,  free space=311k
Native frames: (J=compiled Java code, j=interpreted, Vv=VM code, C=native code)
C  [ntdll.dll+0x38dc9]  RtlIntegerToUnicodeString+0x2fc
C  [ntdll.dll+0x38cd8]  RtlIntegerToUnicodeString+0x20b
C  [libvlccore.dll+0x98c2f]  vlc_mutex_lock+0x7f
C  [jna2561400085642128146.dll+0xce92]  Java_com_sun_jna_Native_initialize_1ffi_1type+0x3542
C  [jna2561400085642128146.dll+0x2dde]
C  [jna2561400085642128146.dll+0x51be]  Java_com_sun_jna_Native_invokePointer+0x2e
j  com.sun.jna.Native.invokePointer(JI[Ljava/lang/Object;)J+0
J  com.sun.jna.Function.invoke([Ljava/lang/Object;Ljava/lang/Class;Z)Ljava/lang/Object;
j  uk.co.caprica.vlcj.player.DefaultMediaPlayer.mrl(Luk/co/caprica/vlcj/binding/internal/libvlc_media_t;)Ljava/lang/String;+23
j  uk.co.caprica.vlcj.player.events.MediaPlayerEventFactory.createEvent(Luk/co/caprica/vlcj/binding/internal/libvlc_event_t;I)Luk/co/caprica/vlcj/player/events/MediaPlayerEvent;+176
j  uk.co.caprica.vlcj.player.DefaultMediaPlayer$VlcVideoPlayerCallback.callback(Luk/co/caprica/vlcj/binding/internal/libvlc_event_t;Lcom/sun/jna/Pointer;)V+51
j  sun.reflect.GeneratedMethodAccessor11.invoke(Ljava/lang/Object;[Ljava/lang/Object;)Ljava/lang/Object;+48
J  sun.reflect.DelegatingMethodAccessorImpl.invoke(Ljava/lang/Object;[Ljava/lang/Object;)Ljava/lang/Object;
v  ~StubRoutines::call_stub
V  [jvm.dll+0x1296da]
V  [jvm.dll+0x1d837e]
V  [jvm.dll+0x12975d]
V  [jvm.dll+0xae4aa]
V  [jvm.dll+0xb00df]
C  [jna2561400085642128146.dll+0xa3b2]  Java_com_sun_jna_Native_initialize_1ffi_1type+0xa62
C  [jna2561400085642128146.dll+0xaa9b]  Java_com_sun_jna_Native_initialize_1ffi_1type+0x114b
C  [jna2561400085642128146.dll+0xcf44]  Java_com_sun_jna_Native_initialize_1ffi_1type+0x35f4
C  [jna2561400085642128146.dll+0xd35e]  Java_com_sun_jna_Native_initialize_1ffi_1type+0x3a0e

Java frames: (J=compiled Java code, j=interpreted, Vv=VM code)
j  com.sun.jna.Native.invokePointer(JI[Ljava/lang/Object;)J+0
J  com.sun.jna.Function.invoke([Ljava/lang/Object;Ljava/lang/Class;Z)Ljava/lang/Object;
J  com.sun.jna.Function.invoke(Ljava/lang/Class;[Ljava/lang/Object;Ljava/util/Map;)Ljava/lang/Object;
J  com.sun.jna.Library$Handler.invoke(Ljava/lang/Object;Ljava/lang/reflect/Method;[Ljava/lang/Object;)Ljava/lang/Object;
j  $Proxy0.libvlc_media_get_mrl(Luk/co/caprica/vlcj/binding/internal/libvlc_media_t;)Lcom/sun/jna/Pointer;+16
j  uk.co.caprica.vlcj.player.DefaultMediaPlayer.mrl(Luk/co/caprica/vlcj/binding/internal/libvlc_media_t;)Ljava/lang/String;+23
j  uk.co.caprica.vlcj.player.events.MediaPlayerEventFactory.createEvent(Luk/co/caprica/vlcj/binding/internal/libvlc_event_t;I)Luk/co/caprica/vlcj/player/events/MediaPlayerEvent;+176
j  uk.co.caprica.vlcj.player.DefaultMediaPlayer$VlcVideoPlayerCallback.callback(Luk/co/caprica/vlcj/binding/internal/libvlc_event_t;Lcom/sun/jna/Pointer;)V+51
j  sun.reflect.GeneratedMethodAccessor11.invoke(Ljava/lang/Object;[Ljava/lang/Object;)Ljava/lang/Object;+48
J  sun.reflect.DelegatingMethodAccessorImpl.invoke(Ljava/lang/Object;[Ljava/lang/Object;)Ljava/lang/Object;
J  java.lang.reflect.Method.invoke(Ljava/lang/Object;[Ljava/lang/Object;)Ljava/lang/Object;
J  com.sun.jna.CallbackReference$DefaultCallbackProxy.invokeCallback([Ljava/lang/Object;)Ljava/lang/Object;
j  com.sun.jna.CallbackReference$DefaultCallbackProxy.callback([Ljava/lang/Object;)Ljava/lang/Object;+2
v  ~StubRoutines::call_stub
j  com.sun.jna.Native.invokeVoid(JI[Ljava/lang/Object;)V+0
J  com.sun.jna.Function.invoke([Ljava/lang/Object;Ljava/lang/Class;Z)Ljava/lang/Object;
J  com.sun.jna.Function.invoke(Ljava/lang/Class;[Ljava/lang/Object;Ljava/util/Map;)Ljava/lang/Object;
J  com.sun.jna.Library$Handler.invoke(Ljava/lang/Object;Ljava/lang/reflect/Method;[Ljava/lang/Object;)Ljava/lang/Object;
j  $Proxy0.libvlc_media_player_set_media(Luk/co/caprica/vlcj/binding/internal/libvlc_media_player_t;Luk/co/caprica/vlcj/binding/internal/libvlc_media_t;)V+20
j  uk.co.caprica.vlcj.player.DefaultMediaPlayer.setMedia(Ljava/lang/String;[Ljava/lang/String;)Z+242
j  uk.co.caprica.vlcj.player.DefaultMediaPlayer.prepareMedia(Ljava/lang/String;[Ljava/lang/String;)Z+23
j  uk.co.caprica.vlcj.player.DefaultMediaPlayer.playMedia(Ljava/lang/String;[Ljava/lang/String;)Z+23
j  reproductor.ThreadGetDuracion.run()V+24
v  ~StubRoutines::call_stub

---------------  P R O C E S S  ---------------

Java Threads: ( => current thread )
=>0x08a7ec00 JavaThread "Thread-892" [_thread_in_native, id=1052, stack(0x0ad30000,0x0ad80000)]
  0x08a82400 JavaThread "Thread-876" [_thread_blocked, id=7424, stack(0x0c800000,0x0c850000)]
  0x08a80400 JavaThread "Thread-859" [_thread_blocked, id=6752, stack(0x0c520000,0x0c570000)]
  0x08a81c00 JavaThread "Thread-843" [_thread_blocked, id=8116, stack(0x09120000,0x09170000)]
  0x08a7fc00 JavaThread "Thread-827" [_thread_blocked, id=5756, stack(0x074c0000,0x07510000)]
  0x08a7f000 JavaThread "Thread-811" [_thread_blocked, id=4144, stack(0x0b080000,0x0b0d0000)]
  0x08a81000 JavaThread "Thread-792" [_thread_blocked, id=6416, stack(0x0b3f0000,0x0b440000)]
  0x08a7dc00 JavaThread "Thread-775" [_thread_blocked, id=7036, stack(0x0b460000,0x0b4b0000)]
  0x08a81800 JavaThread "Thread-756" [_thread_in_native, id=4224, stack(0x0c630000,0x0c680000)]
  0x08a7e400 JavaThread "pool-2-thread-1" [_thread_blocked, id=5220, stack(0x07510000,0x07560000)]
  0x08a6c800 JavaThread "Swing-Shell" daemon [_thread_blocked, id=5464, stack(0x0ae20000,0x0ae70000)]
  0x0899ec00 JavaThread "Thread-4" [_thread_in_native, id=4428, stack(0x08e30000,0x08e80000)]
  0x08994000 JavaThread "Thread-3" [_thread_in_native, id=3884, stack(0x08d70000,0x08dc0000)]
  0x04cdf000 JavaThread "D3D Screen Updater" daemon [_thread_blocked, id=2960, stack(0x083f0000,0x08440000)]
  0x04c18400 JavaThread "TimerQueue" daemon [_thread_blocked, id=7176, stack(0x07fb0000,0x08000000)]
  0x0041ac00 JavaThread "DestroyJavaVM" [_thread_blocked, id=6888, stack(0x00e20000,0x00e70000)]
  0x04bbc000 JavaThread "AWT-EventQueue-0" [_thread_in_native, id=5216, stack(0x05230000,0x05280000)]
  0x04bbac00 JavaThread "AWT-Windows" daemon [_thread_in_native, id=8100, stack(0x04ea0000,0x04ef0000)]
  0x04bba400 JavaThread "AWT-Shutdown" [_thread_blocked, id=7916, stack(0x04f70000,0x04fc0000)]
  0x04bb7c00 JavaThread "Java2D Disposer" daemon [_thread_blocked, id=4436, stack(0x049a0000,0x049f0000)]
  0x00f50c00 JavaThread "Service Thread" daemon [_thread_blocked, id=4688, stack(0x045f0000,0x04640000)]
  0x00f4bc00 JavaThread "C1 CompilerThread0" daemon [_thread_blocked, id=5856, stack(0x04910000,0x04960000)]
  0x00f4a400 JavaThread "Attach Listener" daemon [_thread_blocked, id=7440, stack(0x01090000,0x010e0000)]
  0x00f45400 JavaThread "Signal Dispatcher" daemon [_thread_blocked, id=5424, stack(0x00360000,0x003b0000)]
  0x00f31800 JavaThread "Finalizer" daemon [_thread_blocked, id=2844, stack(0x04790000,0x047e0000)]
  0x00f30000 JavaThread "Reference Handler" daemon [_thread_blocked, id=228, stack(0x04650000,0x046a0000)]

Other Threads:
  0x00f2d800 VMThread [stack: 0x010f0000,0x01140000] [id=6008]
  0x00f6b800 WatcherThread [stack: 0x04ae0000,0x04b30000] [id=6644]

VM state:not at safepoint (normal execution)

VM Mutex/Monitor currently owned by a thread: None

Heap
 def new generation   total 12864K, used 9852K [0x246d0000, 0x254c0000, 0x29c20000)
  eden space 11456K,  73% used [0x246d0000, 0x24f0f368, 0x25200000)
  from space 1408K, 100% used [0x25200000, 0x25360000, 0x25360000)
  to   space 1408K,   0% used [0x25360000, 0x25360000, 0x254c0000)
 tenured generation   total 28388K, used 17582K [0x29c20000, 0x2b7d9000, 0x346d0000)
   the space 28388K,  61% used [0x29c20000, 0x2ad4b9a8, 0x2ad4ba00, 0x2b7d9000)
 compacting perm gen  total 12288K, used 3754K [0x346d0000, 0x352d0000, 0x386d0000)
   the space 12288K,  30% used [0x346d0000, 0x34a7ab08, 0x34a7ac00, 0x352d0000)
    ro space 10240K,  45% used [0x386d0000, 0x38b53958, 0x38b53a00, 0x390d0000)
    rw space 12288K,  54% used [0x390d0000, 0x39757498, 0x39757600, 0x39cd0000)

Code Cache  [0x025e0000, 0x028e8000, 0x045e0000)
 total_blobs=1833 nmethods=1568 adapters=199 free_code_cache=29686Kb largest_free_block=30399424

Compilation events (10 events):
Event: 52.757 Thread 0x00f4bc00 1561   !         sun.reflect.GeneratedConstructorAccessor24::newInstance (49 bytes)
Event: 52.757 Thread 0x00f4bc00 nmethod 1561 0x028e1048 code [0x028e1190, 0x028e144c]
Event: 52.778 Thread 0x00f4bc00 1562   !         sun.reflect.GeneratedConstructorAccessor12::newInstance (49 bytes)
Event: 52.778 Thread 0x00f4bc00 nmethod 1562 0x028e16c8 code [0x028e1810, 0x028e1acc]
Event: 52.786 Thread 0x00f4bc00 1563             java.lang.reflect.Method::hashCode (19 bytes)
Event: 52.786 Thread 0x00f4bc00 nmethod 1563 0x028e1d48 code [0x028e1e60, 0x028e1f64]
Event: 52.797 Thread 0x00f4bc00 1564             uk.co.caprica.vlcj.player.events.MediaMetaChangedEvent::notify (15 bytes)
Event: 52.797 Thread 0x00f4bc00 nmethod 1564 0x028e2088 code [0x028e2190, 0x028e222c]
Event: 52.859 Thread 0x00f4bc00 1565             java.util.ArrayList::isEmpty (13 bytes)
Event: 52.860 Thread 0x00f4bc00 nmethod 1565 0x028e2288 code [0x028e2380, 0x028e2410]

GC Heap History (10 events):
Event: 7.922 GC heap before
{Heap before GC invocations=8 (full 1):
 def new generation   total 8704K, used 8704K [0x246d0000, 0x25040000, 0x29c20000)
  eden space 7744K, 100% used [0x246d0000, 0x24e60000, 0x24e60000)
  from space 960K, 100% used [0x24e60000, 0x24f50000, 0x24f50000)
  to   space 960K,   0% used [0x24f50000, 0x24f50000, 0x25040000)
 tenured generation   total 19192K, used 13299K [0x29c20000, 0x2aede000, 0x346d0000)
   the space 19192K,  69% used [0x29c20000, 0x2a91ce90, 0x2a91d000, 0x2aede000)
 compacting perm gen  total 12288K, used 3742K [0x346d0000, 0x352d0000, 0x386d0000)
   the space 12288K,  30% used [0x346d0000, 0x34a778b0, 0x34a77a00, 0x352d0000)
    ro space 10240K,  45% used [0x386d0000, 0x38b53958, 0x38b53a00, 0x390d0000)
    rw space 12288K,  54% used [0x390d0000, 0x39757498, 0x39757600, 0x39cd0000)
Event: 7.940 GC heap after
Heap after GC invocations=9 (full 1):
 def new generation   total 8704K, used 959K [0x246d0000, 0x25040000, 0x29c20000)
  eden space 7744K,   0% used [0x246d0000, 0x246d0000, 0x24e60000)
  from space 960K,  99% used [0x24f50000, 0x2503fff8, 0x25040000)
  to   space 960K,   0% used [0x24e60000, 0x24e60000, 0x24f50000)
 tenured generation   total 19192K, used 17186K [0x29c20000, 0x2aede000, 0x346d0000)
   the space 19192K,  89% used [0x29c20000, 0x2ace8888, 0x2ace8a00, 0x2aede000)
 compacting perm gen  total 12288K, used 3742K [0x346d0000, 0x352d0000, 0x386d0000)
   the space 12288K,  30% used [0x346d0000, 0x34a778b0, 0x34a77a00, 0x352d0000)
    ro space 10240K,  45% used [0x386d0000, 0x38b53958, 0x38b53a00, 0x390d0000)
    rw space 12288K,  54% used [0x390d0000, 0x39757498, 0x39757600, 0x39cd0000)
}
Event: 21.530 GC heap before
{Heap before GC invocations=9 (full 1):
 def new generation   total 8704K, used 8703K [0x246d0000, 0x25040000, 0x29c20000)
  eden space 7744K, 100% used [0x246d0000, 0x24e60000, 0x24e60000)
  from space 960K,  99% used [0x24f50000, 0x2503fff8, 0x25040000)
  to   space 960K,   0% used [0x24e60000, 0x24e60000, 0x24f50000)
 tenured generation   total 19192K, used 17186K [0x29c20000, 0x2aede000, 0x346d0000)
   the space 19192K,  89% used [0x29c20000, 0x2ace8888, 0x2ace8a00, 0x2aede000)
 compacting perm gen  total 12288K, used 3745K [0x346d0000, 0x352d0000, 0x386d0000)
   the space 12288K,  30% used [0x346d0000, 0x34a786b0, 0x34a78800, 0x352d0000)
    ro space 10240K,  45% used [0x386d0000, 0x38b53958, 0x38b53a00, 0x390d0000)
    rw space 12288K,  54% used [0x390d0000, 0x39757498, 0x39757600, 0x39cd0000)
Event: 21.538 GC heap after
Heap after GC invocations=10 (full 1):
 def new generation   total 8704K, used 960K [0x246d0000, 0x25040000, 0x29c20000)
  eden space 7744K,   0% used [0x246d0000, 0x246d0000, 0x24e60000)
  from space 960K, 100% used [0x24e60000, 0x24f50000, 0x24f50000)
  to   space 960K,   0% used [0x24f50000, 0x24f50000, 0x25040000)
 tenured generation   total 19192K, used 18220K [0x29c20000, 0x2aede000, 0x346d0000)
   the space 19192K,  94% used [0x29c20000, 0x2adeb358, 0x2adeb400, 0x2aede000)
 compacting perm gen  total 12288K, used 3745K [0x346d0000, 0x352d0000, 0x386d0000)
   the space 12288K,  30% used [0x346d0000, 0x34a786b0, 0x34a78800, 0x352d0000)
    ro space 10240K,  45% used [0x386d0000, 0x38b53958, 0x38b53a00, 0x390d0000)
    rw space 12288K,  54% used [0x390d0000, 0x39757498, 0x39757600, 0x39cd0000)
}
Event: 21.843 GC heap before
{Heap before GC invocations=10 (full 1):
 def new generation   total 8704K, used 8704K [0x246d0000, 0x25040000, 0x29c20000)
  eden space 7744K, 100% used [0x246d0000, 0x24e60000, 0x24e60000)
  from space 960K, 100% used [0x24e60000, 0x24f50000, 0x24f50000)
  to   space 960K,   0% used [0x24f50000, 0x24f50000, 0x25040000)
 tenured generation   total 19192K, used 18220K [0x29c20000, 0x2aede000, 0x346d0000)
   the space 19192K,  94% used [0x29c20000, 0x2adeb358, 0x2adeb400, 0x2aede000)
 compacting perm gen  total 12288K, used 3745K [0x346d0000, 0x352d0000, 0x386d0000)
   the space 12288K,  30% used [0x346d0000, 0x34a786f0, 0x34a78800, 0x352d0000)
    ro space 10240K,  45% used [0x386d0000, 0x38b53958, 0x38b53a00, 0x390d0000)
    rw space 12288K,  54% used [0x390d0000, 0x39757498, 0x39757600, 0x39cd0000)
Event: 21.908 GC heap after
Heap after GC invocations=11 (full 2):
 def new generation   total 12864K, used 0K [0x246d0000, 0x254c0000, 0x29c20000)
  eden space 11456K,   0% used [0x246d0000, 0x246d0000, 0x25200000)
  from space 1408K,   0% used [0x25200000, 0x25200000, 0x25360000)
  to   space 1408K,   0% used [0x25360000, 0x25360000, 0x254c0000)
 tenured generation   total 28388K, used 17031K [0x29c20000, 0x2b7d9000, 0x346d0000)
   the space 28388K,  59% used [0x29c20000, 0x2acc1d08, 0x2acc1e00, 0x2b7d9000)
 compacting perm gen  total 12288K, used 3745K [0x346d0000, 0x352d0000, 0x386d0000)
   the space 12288K,  30% used [0x346d0000, 0x34a786f0, 0x34a78800, 0x352d0000)
    ro space 10240K,  45% used [0x386d0000, 0x38b53958, 0x38b53a00, 0x390d0000)
    rw space 12288K,  54% used [0x390d0000, 0x39757498, 0x39757600, 0x39cd0000)
}
Event: 46.229 GC heap before
{Heap before GC invocations=11 (full 2):
 def new generation   total 12864K, used 11456K [0x246d0000, 0x254c0000, 0x29c20000)
  eden space 11456K, 100% used [0x246d0000, 0x25200000, 0x25200000)
  from space 1408K,   0% used [0x25200000, 0x25200000, 0x25360000)
  to   space 1408K,   0% used [0x25360000, 0x25360000, 0x254c0000)
 tenured generation   total 28388K, used 17031K [0x29c20000, 0x2b7d9000, 0x346d0000)
   the space 28388K,  59% used [0x29c20000, 0x2acc1d08, 0x2acc1e00, 0x2b7d9000)
 compacting perm gen  total 12288K, used 3754K [0x346d0000, 0x352d0000, 0x386d0000)
   the space 12288K,  30% used [0x346d0000, 0x34a7a9e8, 0x34a7aa00, 0x352d0000)
    ro space 10240K,  45% used [0x386d0000, 0x38b53958, 0x38b53a00, 0x390d0000)
    rw space 12288K,  54% used [0x390d0000, 0x39757498, 0x39757600, 0x39cd0000)
Event: 46.233 GC heap after
Heap after GC invocations=12 (full 2):
 def new generation   total 12864K, used 944K [0x246d0000, 0x254c0000, 0x29c20000)
  eden space 11456K,   0% used [0x246d0000, 0x246d0000, 0x25200000)
  from space 1408K,  67% used [0x25360000, 0x2544c040, 0x254c0000)
  to   space 1408K,   0% used [0x25200000, 0x25200000, 0x25360000)
 tenured generation   total 28388K, used 17031K [0x29c20000, 0x2b7d9000, 0x346d0000)
   the space 28388K,  59% used [0x29c20000, 0x2acc1d08, 0x2acc1e00, 0x2b7d9000)
 compacting perm gen  total 12288K, used 3754K [0x346d0000, 0x352d0000, 0x386d0000)
   the space 12288K,  30% used [0x346d0000, 0x34a7a9e8, 0x34a7aa00, 0x352d0000)
    ro space 10240K,  45% used [0x386d0000, 0x38b53958, 0x38b53a00, 0x390d0000)
    rw space 12288K,  54% used [0x390d0000, 0x39757498, 0x39757600, 0x39cd0000)
}
Event: 52.666 GC heap before
{Heap before GC invocations=12 (full 2):
 def new generation   total 12864K, used 12400K [0x246d0000, 0x254c0000, 0x29c20000)
  eden space 11456K, 100% used [0x246d0000, 0x25200000, 0x25200000)
  from space 1408K,  67% used [0x25360000, 0x2544c040, 0x254c0000)
  to   space 1408K,   0% used [0x25200000, 0x25200000, 0x25360000)
 tenured generation   total 28388K, used 17031K [0x29c20000, 0x2b7d9000, 0x346d0000)
   the space 28388K,  59% used [0x29c20000, 0x2acc1d08, 0x2acc1e00, 0x2b7d9000)
 compacting perm gen  total 12288K, used 3754K [0x346d0000, 0x352d0000, 0x386d0000)
   the space 12288K,  30% used [0x346d0000, 0x34a7aaf8, 0x34a7ac00, 0x352d0000)
    ro space 10240K,  45% used [0x386d0000, 0x38b53958, 0x38b53a00, 0x390d0000)
    rw space 12288K,  54% used [0x390d0000, 0x39757498, 0x39757600, 0x39cd0000)
Event: 52.672 GC heap after
Heap after GC invocations=13 (full 2):
 def new generation   total 12864K, used 1408K [0x246d0000, 0x254c0000, 0x29c20000)
  eden space 11456K,   0% used [0x246d0000, 0x246d0000, 0x25200000)
  from space 1408K, 100% used [0x25200000, 0x25360000, 0x25360000)
  to   space 1408K,   0% used [0x25360000, 0x25360000, 0x254c0000)
 tenured generation   total 28388K, used 17582K [0x29c20000, 0x2b7d9000, 0x346d0000)
   the space 28388K,  61% used [0x29c20000, 0x2ad4b9a8, 0x2ad4ba00, 0x2b7d9000)
 compacting perm gen  total 12288K, used 3754K [0x346d0000, 0x352d0000, 0x386d0000)
   the space 12288K,  30% used [0x346d0000, 0x34a7aaf8, 0x34a7ac00, 0x352d0000)
    ro space 10240K,  45% used [0x386d0000, 0x38b53958, 0x38b53a00, 0x390d0000)
    rw space 12288K,  54% used [0x390d0000, 0x39757498, 0x39757600, 0x39cd0000)
}

Deoptimization events (0 events):
No events

Internal exceptions (10 events):
Event: 7.582 Thread 0x04bbc000 Threw 0x24de2da8 at C:\jdk7u2_32P\jdk7u4\hotspot\src\share\vm\prims\jvm.cpp:1166
Event: 7.586 Thread 0x04bbc000 Threw 0x24df2828 at C:\jdk7u2_32P\jdk7u4\hotspot\src\share\vm\prims\jvm.cpp:1166
Event: 7.592 Thread 0x08a7ec00 Threw 0x24e1f9e0 at C:\jdk7u2_32P\jdk7u4\hotspot\src\share\vm\prims\jvm.cpp:1166
Event: 7.593 Thread 0x08a7ec00 Threw 0x24e33700 at C:\jdk7u2_32P\jdk7u4\hotspot\src\share\vm\prims\jvm.cpp:1166
Event: 7.595 Thread 0x08a7ec00 Threw 0x24e544f8 at C:\jdk7u2_32P\jdk7u4\hotspot\src\share\vm\prims\jvm.cpp:1166
Event: 7.608 Thread 0x08a7ec00 Threw 0x246d65c0 at C:\jdk7u2_32P\jdk7u4\hotspot\src\share\vm\prims\jvm.cpp:1166
Event: 7.625 Thread 0x08a7f000 Threw 0x24769700 at C:\jdk7u2_32P\jdk7u4\hotspot\src\share\vm\prims\jvm.cpp:1166
Event: 7.648 Thread 0x08a7f000 Threw 0x247f52a8 at C:\jdk7u2_32P\jdk7u4\hotspot\src\share\vm\prims\jvm.cpp:1166
Event: 7.690 Thread 0x04bbc000 Threw 0x248876c0 at C:\jdk7u2_32P\jdk7u4\hotspot\src\share\vm\prims\jvm.cpp:1166
Event: 7.803 Thread 0x08a7dc00 Threw 0x24ad6700 at C:\jdk7u2_32P\jdk7u4\hotspot\src\share\vm\prims\jvm.cpp:1166

Events (10 events):
Event: 52.928 Thread 0x08a7ec00 Thread added: 0x08a7ec00
Event: 52.928 Thread 0x08a7ec00 Thread exited: 0x08a7ec00
Event: 52.928 Thread 0x08a7ec00 Thread added: 0x08a7ec00
Event: 52.929 Thread 0x08a7ec00 Thread exited: 0x08a7ec00
Event: 52.929 Thread 0x08a7ec00 Thread added: 0x08a7ec00
Event: 52.930 Thread 0x08a7f800 Thread exited: 0x08a7f800
Event: 52.930 Thread 0x08a7ec00 Thread exited: 0x08a7ec00
Event: 52.931 Thread 0x08a7ec00 Thread added: 0x08a7ec00
Event: 52.932 Executing VM operation: RevokeBias
Event: 52.932 Executing VM operation: RevokeBias done


Dynamic libraries:
0x011b0000 - 0x011df000 	C:\Program Files (x86)\Java\jdk1.7.0_04\jre\bin\java.exe
0x77b70000 - 0x77cf0000 	C:\Windows\SysWOW64\ntdll.dll
0x75a00000 - 0x75b10000 	C:\Windows\syswow64\kernel32.dll
0x758e0000 - 0x75926000 	C:\Windows\syswow64\KERNELBASE.dll
0x75c00000 - 0x75ca0000 	C:\Windows\syswow64\ADVAPI32.dll
0x76ec0000 - 0x76f6c000 	C:\Windows\syswow64\msvcrt.dll
0x77140000 - 0x77159000 	C:\Windows\SysWOW64\sechost.dll
0x75b10000 - 0x75c00000 	C:\Windows\syswow64\RPCRT4.dll
0x756d0000 - 0x75730000 	C:\Windows\syswow64\SspiCli.dll
0x756c0000 - 0x756cc000 	C:\Windows\syswow64\CRYPTBASE.dll
0x76020000 - 0x76120000 	C:\Windows\syswow64\USER32.dll
0x77580000 - 0x77610000 	C:\Windows\syswow64\GDI32.dll
0x75730000 - 0x7573a000 	C:\Windows\syswow64\LPK.dll
0x76f70000 - 0x7700d000 	C:\Windows\syswow64\USP10.dll
0x72e60000 - 0x72ffe000 	C:\Windows\WinSxS\x86_microsoft.windows.common-controls_6595b64144ccf1df_6.0.7601.17514_none_41e6975e2bd6f2b2\COMCTL32.dll
0x76210000 - 0x76267000 	C:\Windows\syswow64\SHLWAPI.dll
0x75d40000 - 0x75da0000 	C:\Windows\system32\IMM32.DLL
0x75930000 - 0x759fc000 	C:\Windows\syswow64\MSCTF.dll
0x6bc90000 - 0x6bd4e000 	C:\Program Files (x86)\Java\jdk1.7.0_04\jre\bin\msvcr100.dll
0x66aa0000 - 0x66dea000 	C:\Program Files (x86)\Java\jdk1.7.0_04\jre\bin\client\jvm.dll
0x72d40000 - 0x72d47000 	C:\Windows\system32\WSOCK32.dll
0x758a0000 - 0x758d5000 	C:\Windows\syswow64\WS2_32.dll
0x75860000 - 0x75866000 	C:\Windows\syswow64\NSI.dll
0x72cf0000 - 0x72d22000 	C:\Windows\system32\WINMM.dll
0x77b40000 - 0x77b45000 	C:\Windows\syswow64\PSAPI.DLL
0x74380000 - 0x7438c000 	C:\Program Files (x86)\Java\jdk1.7.0_04\jre\bin\verify.dll
0x6e270000 - 0x6e290000 	C:\Program Files (x86)\Java\jdk1.7.0_04\jre\bin\java.dll
0x728b0000 - 0x728c3000 	C:\Program Files (x86)\Java\jdk1.7.0_04\jre\bin\zip.dll
0x6bb40000 - 0x6bc82000 	C:\Program Files (x86)\Java\jdk1.7.0_04\jre\bin\awt.dll
0x75f60000 - 0x75fef000 	C:\Windows\syswow64\OLEAUT32.dll
0x77610000 - 0x7776c000 	C:\Windows\syswow64\ole32.dll
0x6e2c0000 - 0x6e340000 	C:\Windows\system32\uxtheme.dll
0x10000000 - 0x10037000 	C:\Program Files (x86)\ATI Technologies\HydraVision\HydraDMH.dll
0x6e2a0000 - 0x6e2b3000 	C:\Windows\system32\dwmapi.dll
0x6c3f0000 - 0x6c5b3000 	C:\Windows\system32\d3d9.dll
0x73140000 - 0x73149000 	C:\Windows\system32\VERSION.dll
0x74340000 - 0x74346000 	C:\Windows\system32\d3d8thk.dll
0x6cc60000 - 0x6cd4f000 	C:\Windows\system32\aticfx32.dll
0x6ce70000 - 0x6ce89000 	C:\Windows\system32\atiu9pag.dll
0x6b5c0000 - 0x6bb37000 	C:\Windows\system32\atiumdag.dll
0x6b1b0000 - 0x6b5b6000 	C:\Windows\system32\atiumdva.dll
0x76270000 - 0x76eba000 	C:\Windows\syswow64\SHELL32.dll
0x6e250000 - 0x6e264000 	C:\Program Files (x86)\Java\jdk1.7.0_04\jre\bin\net.dll
0x72990000 - 0x729cc000 	C:\Windows\system32\mswsock.dll
0x75550000 - 0x75556000 	C:\Windows\System32\wship6.dll
0x74390000 - 0x7439f000 	C:\Program Files (x86)\Java\jdk1.7.0_04\jre\bin\nio.dll
0x6cbc0000 - 0x6cbea000 	C:\Program Files (x86)\Java\jdk1.7.0_04\jre\bin\fontmanager.dll
0x76120000 - 0x761a3000 	C:\Windows\syswow64\CLBCatQ.DLL
0x72df0000 - 0x72e06000 	C:\Windows\system32\CRYPTSP.dll
0x72d50000 - 0x72d8b000 	C:\Windows\system32\rsaenh.dll
0x72e10000 - 0x72e27000 	C:\Windows\system32\USERENV.dll
0x73040000 - 0x7304b000 	C:\Windows\system32\profapi.dll
0x72350000 - 0x72360000 	C:\Windows\system32\NLAapi.dll
0x72340000 - 0x72350000 	C:\Windows\system32\napinsp.dll
0x72320000 - 0x72332000 	C:\Windows\system32\pnrpnsp.dll
0x72d90000 - 0x72dd4000 	C:\Windows\system32\DNSAPI.dll
0x72310000 - 0x72318000 	C:\Windows\System32\winrnr.dll
0x72980000 - 0x72985000 	C:\Windows\System32\wshtcpip.dll
0x73cb0000 - 0x73ccc000 	C:\Windows\system32\IPHLPAPI.DLL
0x73d20000 - 0x73d27000 	C:\Windows\system32\WINNSI.DLL
0x72d30000 - 0x72d36000 	C:\Windows\system32\rasadhlp.dll
0x75360000 - 0x75398000 	C:\Windows\System32\fwpuclnt.dll
0x08300000 - 0x08372000 	C:\Users\Juan\AppData\Local\Temp\jna\jna2561400085642128146.dll
0x6ae60000 - 0x6ae82000 	C:\Users\Juan\Documents\GitHub\socialDj\InterfazServidor\VLC\libvlc.dll
0x6a580000 - 0x6a7b6000 	C:\Users\Juan\Documents\GitHub\socialDj\InterfazServidor\VLC\libvlccore.dll
0x68d00000 - 0x68d3b000 	C:\Users\Juan\Documents\GitHub\socialDj\InterfazServidor\VLC\plugins\access\libdshow_plugin.dll
0x6a540000 - 0x6a553000 	C:\Users\Juan\Documents\GitHub\socialDj\InterfazServidor\VLC\plugins\audio_output\libaout_directx_plugin.dll
0x68e60000 - 0x68e72000 	C:\Users\Juan\Documents\GitHub\socialDj\InterfazServidor\VLC\plugins\audio_output\libwaveout_plugin.dll
0x68de0000 - 0x68e52000 	C:\Windows\system32\dsound.dll
0x6caf0000 - 0x6cb15000 	C:\Windows\system32\POWRPROF.dll
0x77170000 - 0x7730d000 	C:\Windows\syswow64\SETUPAPI.dll
0x75870000 - 0x75897000 	C:\Windows\syswow64\CFGMGR32.dll
0x77560000 - 0x77572000 	C:\Windows\syswow64\DEVOBJ.dll
0x68b80000 - 0x68cb4000 	C:\Users\Juan\Documents\GitHub\socialDj\InterfazServidor\VLC\plugins\misc\libxml_plugin.dll
0x6c940000 - 0x6c950000 	C:\Users\Juan\Documents\GitHub\socialDj\InterfazServidor\VLC\plugins\mmx\libmemcpymmx_plugin.dll
0x68b60000 - 0x68b72000 	C:\Users\Juan\Documents\GitHub\socialDj\InterfazServidor\VLC\plugins\control\libhotkeys_plugin.dll
0x68b20000 - 0x68b45000 	C:\Program Files (x86)\Java\jdk1.7.0_04\jre\bin\jpeg.dll
0x6e380000 - 0x6e38d000 	C:\Windows\system32\dhcpcsvc6.DLL
0x6e340000 - 0x6e352000 	C:\Windows\system32\dhcpcsvc.DLL
0x6c2c0000 - 0x6c2f1000 	C:\Program Files (x86)\Java\jdk1.7.0_04\jre\bin\t2k.dll
0x6cc20000 - 0x6cc44000 	C:\Program Files (x86)\Java\jdk1.7.0_04\jre\bin\dcpr.dll
0x75420000 - 0x7551b000 	C:\Windows\system32\WindowsCodecs.dll
0x72290000 - 0x722dc000 	C:\Windows\system32\apphelp.dll
0x07000000 - 0x07022000 	C:\Users\Juan\AppData\Roaming\Dropbox\bin\DropboxExt.17.dll
0x6e0d0000 - 0x6e1bb000 	C:\Windows\system32\dbghelp.dll
0x6cee0000 - 0x6cf6e000 	C:\Windows\WinSxS\x86_microsoft.vc90.crt_1fc8b3b9a1e18e3b_9.0.30729.6161_none_50934f2ebcb7eb57\MSVCP90.dll
0x741e0000 - 0x74283000 	C:\Windows\WinSxS\x86_microsoft.vc90.crt_1fc8b3b9a1e18e3b_9.0.30729.6161_none_50934f2ebcb7eb57\MSVCR90.dll
0x753a0000 - 0x753d1000 	C:\Windows\system32\EhStorShell.dll
0x75570000 - 0x75665000 	C:\Windows\system32\PROPSYS.dll
0x752c0000 - 0x75330000 	C:\Windows\system32\ntshrui.dll
0x726d0000 - 0x726e9000 	C:\Windows\system32\srvcli.dll
0x6e1c0000 - 0x6e1cb000 	C:\Windows\system32\cscapi.dll
0x75410000 - 0x7541a000 	C:\Windows\system32\slc.dll
0x730b0000 - 0x73134000 	C:\Windows\WinSxS\x86_microsoft.windows.common-controls_6595b64144ccf1df_5.82.7601.17514_none_ec83dffa859149af\comctl32.dll
0x72e30000 - 0x72e51000 	C:\Windows\system32\ntmarta.dll
0x77510000 - 0x77555000 	C:\Windows\syswow64\WLDAP32.dll
0x68240000 - 0x683d8000 	C:\Windows\system32\NetworkExplorer.dll
0x6c290000 - 0x6c2be000 	C:\Windows\System32\shdocvw.dll
0x73be0000 - 0x73bf2000 	C:\Windows\system32\MPR.dll
0x6c260000 - 0x6c268000 	C:\Windows\System32\drprov.dll
0x722e0000 - 0x72309000 	C:\Windows\System32\WINSTA.dll
0x6a560000 - 0x6a574000 	C:\Windows\System32\ntlanman.dll
0x68b00000 - 0x68b17000 	C:\Windows\System32\davclnt.dll
0x72970000 - 0x72978000 	C:\Windows\System32\DAVHLPR.dll
0x726c0000 - 0x726cf000 	C:\Windows\system32\wkscli.dll
0x726f0000 - 0x726f9000 	C:\Windows\system32\netutils.dll
0x68000000 - 0x68238000 	C:\Windows\system32\wpdshext.dll
0x74a00000 - 0x74b90000 	C:\Windows\WinSxS\x86_microsoft.windows.gdiplus_6595b64144ccf1df_1.1.7601.17825_none_72d273598668a06b\gdiplus.dll
0x697a0000 - 0x69829000 	C:\Windows\system32\PortableDeviceApi.dll
0x75ff0000 - 0x7601d000 	C:\Windows\syswow64\WINTRUST.dll
0x75740000 - 0x7585e000 	C:\Windows\syswow64\CRYPT32.dll
0x75d30000 - 0x75d3c000 	C:\Windows\syswow64\MSASN1.dll
0x68a80000 - 0x68abf000 	C:\Windows\system32\audiodev.dll
0x68460000 - 0x686c7000 	C:\Windows\system32\WMVCore.DLL
0x68ac0000 - 0x68afd000 	C:\Windows\system32\WMASF.DLL
0x68a40000 - 0x68a62000 	C:\Windows\system32\EhStorAPI.dll
0x6cc50000 - 0x6cc59000 	C:\Windows\system32\LINKINFO.dll
0x6bfc0000 - 0x6bfcf000 	C:\Users\Juan\Documents\GitHub\socialDj\InterfazServidor\VLC\plugins\meta_engine\libfolder_plugin.dll
0x68a20000 - 0x68a32000 	C:\Users\Juan\Documents\GitHub\socialDj\InterfazServidor\VLC\plugins\access\libaccess_vdr_plugin.dll
0x68a00000 - 0x68a11000 	C:\Users\Juan\Documents\GitHub\socialDj\InterfazServidor\VLC\plugins\access\libfilesystem_plugin.dll
0x6bd90000 - 0x6bda0000 	C:\Users\Juan\Documents\GitHub\socialDj\InterfazServidor\VLC\plugins\access\libstream_filter_rar_plugin.dll
0x689e0000 - 0x689fb000 	C:\Users\Juan\Documents\GitHub\socialDj\InterfazServidor\VLC\plugins\access\libzip_plugin.dll
0x689c0000 - 0x689d1000 	C:\Users\Juan\Documents\GitHub\socialDj\InterfazServidor\VLC\plugins\demux\libes_plugin.dll
0x688b0000 - 0x68915000 	C:\Users\Juan\Documents\GitHub\socialDj\InterfazServidor\VLC\plugins\codec\libtheora_plugin.dll
0x6a530000 - 0x6a540000 	C:\Users\Juan\Documents\GitHub\socialDj\InterfazServidor\VLC\plugins\codec\librawvideo_plugin.dll
0x68990000 - 0x689bc000 	C:\Users\Juan\Documents\GitHub\socialDj\InterfazServidor\VLC\plugins\codec\libspeex_plugin.dll
0x67010000 - 0x671ba000 	C:\Users\Juan\Documents\GitHub\socialDj\InterfazServidor\VLC\plugins\codec\libvorbis_plugin.dll
0x68980000 - 0x68990000 	C:\Users\Juan\Documents\GitHub\socialDj\InterfazServidor\VLC\plugins\codec\libaes3_plugin.dll

VM Arguments:
jvm_args: -Dfile.encoding=UTF-8 
java_command: main.Main
Launcher Type: SUN_STANDARD

Environment Variables:
PATH=C:\Program Files (x86)\NVIDIA Corporation\PhysX\Common;C:\Program Files (x86)\AMD APP\bin\x86_64;C:\Program Files (x86)\AMD APP\bin\x86;C:\Windows\system32;C:\Windows;C:\Windows\System32\Wbem;C:\Windows\System32\WindowsPowerShell\v1.0\;C:\Program Files (x86)\ATI Technologies\ATI.ACE\Core-Static
USERNAME=Juan
OS=Windows_NT
PROCESSOR_IDENTIFIER=AMD64 Family 16 Model 10 Stepping 0, AuthenticAMD



---------------  S Y S T E M  ---------------

OS: Windows 7 , 64 bit Build 7601 Service Pack 1

CPU:total 6 (6 cores per cpu, 1 threads per core) family 16 model 10 stepping 0, cmov, cx8, fxsr, mmx, sse, sse2, sse3, popcnt, mmxext, 3dnowpref, lzcnt, sse4a, tsc, tscinvbit, tscinv

Memory: 4k page, physical 8387556k(5480468k free), swap 16773260k(12647124k free)

vm_info: Java HotSpot(TM) Client VM (23.0-b21) for windows-x86 JRE (1.7.0_04-b20), built on Apr 12 2012 03:26:46 by "java_re" with unknown MS VC++:1600

time: Sun Apr 28 20:09:53 2013
elapsed time: 52 seconds

